<?xml version="1.0" encoding="UTF-8"?>
<!-- Generated by org.testng.reporters.JUnitXMLReporter -->
<testsuite ignored="0" hostname="DESKTOP-KME8V2E" failures="0" tests="3" name="Surefire test" time="127.755" errors="0" timestamp="2023-06-25T13:26:51 MSK">
  <testcase classname="com.ci_cd_selenium.firstproject.TestClass1" name="test1" time="13.1"/>
  <testcase classname="com.ci_cd_selenium.firstproject.TestClass1" name="test2" time="30.654"/>
  <testcase classname="com.ci_cd_selenium.firstproject.TestClass1" name="test3" time="3.248"/>
</testsuite> <!-- Surefire test -->
