<?xml version="1.0" encoding="UTF-8"?>
<!-- Generated by org.testng.reporters.JUnitXMLReporter -->
<testsuite ignored="0" hostname="DESKTOP-KME8V2E" failures="0" tests="3" name="Surefire test" time="41.14" errors="0" timestamp="2023-07-02T09:59:43 MSK">
  <testcase classname="com.ci_cd_selenium.firstproject.TestClass1" name="test1" time="4.027"/>
  <testcase classname="com.ci_cd_selenium.firstproject.TestClass1" name="test2" time="11.651"/>
  <testcase classname="com.ci_cd_selenium.firstproject.TestClass1" name="test3" time="3.182"/>
</testsuite> <!-- Surefire test -->
