<?xml version="1.0" encoding="UTF-8"?>
<!-- Generated by org.testng.reporters.JUnitXMLReporter -->
<testsuite ignored="0" hostname="DESKTOP-KME8V2E" failures="0" tests="3" name="Default test" time="41.551" errors="0" timestamp="2023-07-22T10:39:54 MSK">
  <testcase classname="com.ci_cd_selenium.firstproject.TestClass1" name="test1" time="3.887"/>
  <testcase classname="com.ci_cd_selenium.firstproject.TestClass1" name="test2" time="25.766"/>
  <testcase classname="com.ci_cd_selenium.firstproject.TestClass1" name="test3" time="2.268"/>
</testsuite> <!-- Default test -->
