<?xml version="1.0" encoding="UTF-8"?>
<!-- Generated by org.testng.reporters.JUnitXMLReporter -->
<testsuite ignored="0" hostname="DESKTOP-KME8V2E" failures="0" tests="3" name="Default test" time="126.673" errors="0" timestamp="2023-07-04T13:19:51 MSK">
  <testcase classname="com.ci_cd_selenium.firstproject.TestClass1" name="test1" time="24.127"/>
  <testcase classname="com.ci_cd_selenium.firstproject.TestClass1" name="test2" time="24.681"/>
  <testcase classname="com.ci_cd_selenium.firstproject.TestClass1" name="test3" time="2.808"/>
</testsuite> <!-- Default test -->
