<?xml version="1.0" encoding="UTF-8"?>
<testng-results ignored="0" total="3" passed="3" failed="0" skipped="0">
  <reporter-output>
  </reporter-output>
  <suite started-at="2023-07-02T09:59:02 MSK" name="Surefire suite" finished-at="2023-07-02T09:59:43 MSK" duration-ms="41140">
    <groups>
    </groups>
    <test started-at="2023-07-02T09:59:02 MSK" name="Surefire test" finished-at="2023-07-02T09:59:43 MSK" duration-ms="41140">
      <class name="com.ci_cd_selenium.firstproject.TestClass1">
        <test-method is-config="true" signature="launchDriver()[pri:0, instance:com.ci_cd_selenium.firstproject.TestClass1@69930714]" started-at="2023-07-02T09:59:02 MSK" name="launchDriver" finished-at="2023-07-02T09:59:13 MSK" duration-ms="11107" status="PASS">
          <reporter-output>
          </reporter-output>
        </test-method> <!-- launchDriver -->
        <test-method signature="test1()[pri:0, instance:com.ci_cd_selenium.firstproject.TestClass1@69930714]" started-at="2023-07-02T09:59:13 MSK" name="test1" finished-at="2023-07-02T09:59:17 MSK" duration-ms="4027" status="PASS">
          <reporter-output>
          </reporter-output>
        </test-method> <!-- test1 -->
        <test-method is-config="true" signature="quit()[pri:0, instance:com.ci_cd_selenium.firstproject.TestClass1@69930714]" started-at="2023-07-02T09:59:17 MSK" name="quit" finished-at="2023-07-02T09:59:18 MSK" duration-ms="434" status="PASS">
          <reporter-output>
          </reporter-output>
        </test-method> <!-- quit -->
        <test-method is-config="true" signature="launchDriver()[pri:0, instance:com.ci_cd_selenium.firstproject.TestClass1@69930714]" started-at="2023-07-02T09:59:18 MSK" name="launchDriver" finished-at="2023-07-02T09:59:23 MSK" duration-ms="5284" status="PASS">
          <reporter-output>
          </reporter-output>
        </test-method> <!-- launchDriver -->
        <test-method signature="test2()[pri:0, instance:com.ci_cd_selenium.firstproject.TestClass1@69930714]" started-at="2023-07-02T09:59:23 MSK" name="test2" finished-at="2023-07-02T09:59:35 MSK" duration-ms="11651" status="PASS">
          <reporter-output>
          </reporter-output>
        </test-method> <!-- test2 -->
        <test-method is-config="true" signature="quit()[pri:0, instance:com.ci_cd_selenium.firstproject.TestClass1@69930714]" started-at="2023-07-02T09:59:35 MSK" name="quit" finished-at="2023-07-02T09:59:35 MSK" duration-ms="517" status="PASS">
          <reporter-output>
          </reporter-output>
        </test-method> <!-- quit -->
        <test-method is-config="true" signature="launchDriver()[pri:0, instance:com.ci_cd_selenium.firstproject.TestClass1@69930714]" started-at="2023-07-02T09:59:35 MSK" name="launchDriver" finished-at="2023-07-02T09:59:40 MSK" duration-ms="4584" status="PASS">
          <reporter-output>
          </reporter-output>
        </test-method> <!-- launchDriver -->
        <test-method signature="test3()[pri:0, instance:com.ci_cd_selenium.firstproject.TestClass1@69930714]" started-at="2023-07-02T09:59:40 MSK" name="test3" finished-at="2023-07-02T09:59:43 MSK" duration-ms="3182" status="PASS">
          <reporter-output>
          </reporter-output>
        </test-method> <!-- test3 -->
        <test-method is-config="true" signature="quit()[pri:0, instance:com.ci_cd_selenium.firstproject.TestClass1@69930714]" started-at="2023-07-02T09:59:43 MSK" name="quit" finished-at="2023-07-02T09:59:43 MSK" duration-ms="314" status="PASS">
          <reporter-output>
          </reporter-output>
        </test-method> <!-- quit -->
      </class> <!-- com.ci_cd_selenium.firstproject.TestClass1 -->
    </test> <!-- Surefire test -->
  </suite> <!-- Surefire suite -->
</testng-results>
