<?xml version="1.0" encoding="UTF-8"?>
<testng-results ignored="0" total="3" passed="3" failed="0" skipped="0">
  <reporter-output>
  </reporter-output>
  <suite started-at="2023-07-22T10:39:12 MSK" name="Default suite" finished-at="2023-07-22T10:39:54 MSK" duration-ms="41551">
    <groups>
    </groups>
    <test started-at="2023-07-22T10:39:12 MSK" name="Default test" finished-at="2023-07-22T10:39:54 MSK" duration-ms="41551">
      <class name="com.ci_cd_selenium.firstproject.TestClass1">
        <test-method is-config="true" signature="launchDriver()[pri:0, instance:com.ci_cd_selenium.firstproject.TestClass1@294425a7]" started-at="2023-07-22T10:39:12 MSK" name="launchDriver" finished-at="2023-07-22T10:39:17 MSK" duration-ms="4789" status="PASS">
          <reporter-output>
          </reporter-output>
        </test-method> <!-- launchDriver -->
        <test-method signature="test1()[pri:0, instance:com.ci_cd_selenium.firstproject.TestClass1@294425a7]" started-at="2023-07-22T10:39:17 MSK" name="test1" finished-at="2023-07-22T10:39:21 MSK" duration-ms="3887" status="PASS">
          <reporter-output>
          </reporter-output>
        </test-method> <!-- test1 -->
        <test-method is-config="true" signature="quit()[pri:0, instance:com.ci_cd_selenium.firstproject.TestClass1@294425a7]" started-at="2023-07-22T10:39:21 MSK" name="quit" finished-at="2023-07-22T10:39:21 MSK" duration-ms="346" status="PASS">
          <reporter-output>
          </reporter-output>
        </test-method> <!-- quit -->
        <test-method is-config="true" signature="launchDriver()[pri:0, instance:com.ci_cd_selenium.firstproject.TestClass1@294425a7]" started-at="2023-07-22T10:39:21 MSK" name="launchDriver" finished-at="2023-07-22T10:39:23 MSK" duration-ms="1733" status="PASS">
          <reporter-output>
          </reporter-output>
        </test-method> <!-- launchDriver -->
        <test-method signature="test2()[pri:0, instance:com.ci_cd_selenium.firstproject.TestClass1@294425a7]" started-at="2023-07-22T10:39:23 MSK" name="test2" finished-at="2023-07-22T10:39:49 MSK" duration-ms="25766" status="PASS">
          <reporter-output>
          </reporter-output>
        </test-method> <!-- test2 -->
        <test-method is-config="true" signature="quit()[pri:0, instance:com.ci_cd_selenium.firstproject.TestClass1@294425a7]" started-at="2023-07-22T10:39:49 MSK" name="quit" finished-at="2023-07-22T10:39:49 MSK" duration-ms="412" status="PASS">
          <reporter-output>
          </reporter-output>
        </test-method> <!-- quit -->
        <test-method is-config="true" signature="launchDriver()[pri:0, instance:com.ci_cd_selenium.firstproject.TestClass1@294425a7]" started-at="2023-07-22T10:39:49 MSK" name="launchDriver" finished-at="2023-07-22T10:39:51 MSK" duration-ms="1973" status="PASS">
          <reporter-output>
          </reporter-output>
        </test-method> <!-- launchDriver -->
        <test-method signature="test3()[pri:0, instance:com.ci_cd_selenium.firstproject.TestClass1@294425a7]" started-at="2023-07-22T10:39:51 MSK" name="test3" finished-at="2023-07-22T10:39:53 MSK" duration-ms="2268" status="PASS">
          <reporter-output>
          </reporter-output>
        </test-method> <!-- test3 -->
        <test-method is-config="true" signature="quit()[pri:0, instance:com.ci_cd_selenium.firstproject.TestClass1@294425a7]" started-at="2023-07-22T10:39:53 MSK" name="quit" finished-at="2023-07-22T10:39:54 MSK" duration-ms="328" status="PASS">
          <reporter-output>
          </reporter-output>
        </test-method> <!-- quit -->
      </class> <!-- com.ci_cd_selenium.firstproject.TestClass1 -->
    </test> <!-- Default test -->
  </suite> <!-- Default suite -->
</testng-results>
