<?xml version="1.0" encoding="UTF-8"?>
<testng-results ignored="0" total="3" passed="3" failed="0" skipped="0">
  <reporter-output>
  </reporter-output>
  <suite started-at="2023-07-02T11:57:29 MSK" name="Default suite" finished-at="2023-07-02T11:58:32 MSK" duration-ms="63381">
    <groups>
    </groups>
    <test started-at="2023-07-02T11:57:29 MSK" name="Default test" finished-at="2023-07-02T11:58:32 MSK" duration-ms="63381">
      <class name="com.ci_cd_selenium.firstproject.TestClass1">
        <test-method is-config="true" signature="launchDriver()[pri:0, instance:com.ci_cd_selenium.firstproject.TestClass1@4cc451f2]" started-at="2023-07-02T11:57:29 MSK" name="launchDriver" finished-at="2023-07-02T11:57:41 MSK" duration-ms="12600" status="PASS">
          <reporter-output>
          </reporter-output>
        </test-method> <!-- launchDriver -->
        <test-method signature="test1()[pri:0, instance:com.ci_cd_selenium.firstproject.TestClass1@4cc451f2]" started-at="2023-07-02T11:57:41 MSK" name="test1" finished-at="2023-07-02T11:57:45 MSK" duration-ms="3773" status="PASS">
          <reporter-output>
          </reporter-output>
        </test-method> <!-- test1 -->
        <test-method is-config="true" signature="quit()[pri:0, instance:com.ci_cd_selenium.firstproject.TestClass1@4cc451f2]" started-at="2023-07-02T11:57:45 MSK" name="quit" finished-at="2023-07-02T11:57:45 MSK" duration-ms="324" status="PASS">
          <reporter-output>
          </reporter-output>
        </test-method> <!-- quit -->
        <test-method is-config="true" signature="launchDriver()[pri:0, instance:com.ci_cd_selenium.firstproject.TestClass1@4cc451f2]" started-at="2023-07-02T11:57:45 MSK" name="launchDriver" finished-at="2023-07-02T11:57:54 MSK" duration-ms="8763" status="PASS">
          <reporter-output>
          </reporter-output>
        </test-method> <!-- launchDriver -->
        <test-method signature="test2()[pri:0, instance:com.ci_cd_selenium.firstproject.TestClass1@4cc451f2]" started-at="2023-07-02T11:57:54 MSK" name="test2" finished-at="2023-07-02T11:58:22 MSK" duration-ms="27656" status="PASS">
          <reporter-output>
          </reporter-output>
        </test-method> <!-- test2 -->
        <test-method is-config="true" signature="quit()[pri:0, instance:com.ci_cd_selenium.firstproject.TestClass1@4cc451f2]" started-at="2023-07-02T11:58:22 MSK" name="quit" finished-at="2023-07-02T11:58:22 MSK" duration-ms="305" status="PASS">
          <reporter-output>
          </reporter-output>
        </test-method> <!-- quit -->
        <test-method is-config="true" signature="launchDriver()[pri:0, instance:com.ci_cd_selenium.firstproject.TestClass1@4cc451f2]" started-at="2023-07-02T11:58:22 MSK" name="launchDriver" finished-at="2023-07-02T11:58:30 MSK" duration-ms="7994" status="PASS">
          <reporter-output>
          </reporter-output>
        </test-method> <!-- launchDriver -->
        <test-method signature="test3()[pri:0, instance:com.ci_cd_selenium.firstproject.TestClass1@4cc451f2]" started-at="2023-07-02T11:58:30 MSK" name="test3" finished-at="2023-07-02T11:58:32 MSK" duration-ms="1622" status="PASS">
          <reporter-output>
          </reporter-output>
        </test-method> <!-- test3 -->
        <test-method is-config="true" signature="quit()[pri:0, instance:com.ci_cd_selenium.firstproject.TestClass1@4cc451f2]" started-at="2023-07-02T11:58:32 MSK" name="quit" finished-at="2023-07-02T11:58:32 MSK" duration-ms="307" status="PASS">
          <reporter-output>
          </reporter-output>
        </test-method> <!-- quit -->
      </class> <!-- com.ci_cd_selenium.firstproject.TestClass1 -->
    </test> <!-- Default test -->
  </suite> <!-- Default suite -->
</testng-results>
